{"/Users/jaykariesch/projects/qwik-table/.eslintrc.cjs": {"path":"/Users/jaykariesch/projects/qwik-table/.eslintrc.cjs","statementMap":{"0":{"start":{"line":1,"column":0},"end":{"line":40,"column":2}}},"fnMap":{},"branchMap":{},"s":{"0":0},"f":{},"b":{}}
,"/Users/jaykariesch/projects/qwik-table/src/root.tsx": {"path":"/Users/jaykariesch/projects/qwik-table/src/root.tsx","statementMap":{},"fnMap":{"0":{"name":"(anonymous_0)","decl":{"start":{"line":3,"column":15},"end":{"line":3,"column":21}},"loc":{"start":{"line":3,"column":21},"end":{"line":15,"column":2}}}},"branchMap":{},"s":{},"f":{"0":0},"b":{}}
,"/Users/jaykariesch/projects/qwik-table/src/UseTable/flex-render.ts": {"path":"/Users/jaykariesch/projects/qwik-table/src/UseTable/flex-render.ts","statementMap":{"0":{"start":{"line":4,"column":26},"end":{"line":22,"column":2}},"1":{"start":{"line":11,"column":2},"end":{"line":19,"column":null}},"2":{"start":{"line":12,"column":4},"end":{"line":19,"column":null}},"3":{"start":{"line":13,"column":6},"end":{"line":13,"column":null}},"4":{"start":{"line":13,"column":20},"end":{"line":13,"column":24}},"5":{"start":{"line":15,"column":6},"end":{"line":17,"column":null}},"6":{"start":{"line":21,"column":2},"end":{"line":21,"column":null}}},"fnMap":{"0":{"name":"(anonymous_0)","decl":{"start":{"line":4,"column":26},"end":{"line":4,"column":null}},"loc":{"start":{"line":10,"column":27},"end":{"line":22,"column":2}}},"1":{"name":"(anonymous_1)","decl":{"start":{"line":13,"column":14},"end":{"line":13,"column":20}},"loc":{"start":{"line":13,"column":20},"end":{"line":13,"column":24}}}},"branchMap":{"0":{"loc":{"start":{"line":11,"column":2},"end":{"line":19,"column":null}},"type":"if","locations":[{"start":{"line":11,"column":2},"end":{"line":19,"column":null}},{"start":{"line":11,"column":2},"end":{"line":19,"column":null}}]},"1":{"loc":{"start":{"line":11,"column":6},"end":{"line":11,"column":null}},"type":"binary-expr","locations":[{"start":{"line":11,"column":6},"end":{"line":11,"column":35}},{"start":{"line":11,"column":35},"end":{"line":11,"column":null}}]}},"s":{"0":3,"1":71,"2":4,"3":4,"4":4,"5":1,"6":67},"f":{"0":71,"1":4},"b":{"0":[4,67],"1":[71,68]}}
,"/Users/jaykariesch/projects/qwik-table/src/UseTable/use-sort.ts": {"path":"/Users/jaykariesch/projects/qwik-table/src/UseTable/use-sort.ts","statementMap":{"0":{"start":{"line":29,"column":4},"end":{"line":29,"column":null}},"1":{"start":{"line":29,"column":16},"end":{"line":29,"column":28}},"2":{"start":{"line":31,"column":4},"end":{"line":31,"column":null}},"3":{"start":{"line":31,"column":21},"end":{"line":31,"column":null}},"4":{"start":{"line":33,"column":23},"end":{"line":33,"column":null}},"5":{"start":{"line":35,"column":4},"end":{"line":35,"column":null}},"6":{"start":{"line":35,"column":23},"end":{"line":35,"column":null}},"7":{"start":{"line":37,"column":33},"end":{"line":39,"column":null}},"8":{"start":{"line":41,"column":4},"end":{"line":41,"column":null}},"9":{"start":{"line":41,"column":22},"end":{"line":41,"column":null}},"10":{"start":{"line":43,"column":22},"end":{"line":43,"column":null}},"11":{"start":{"line":43,"column":48},"end":{"line":43,"column":null}},"12":{"start":{"line":47,"column":21},"end":{"line":57,"column":null}},"13":{"start":{"line":48,"column":21},"end":{"line":48,"column":null}},"14":{"start":{"line":50,"column":21},"end":{"line":50,"column":null}},"15":{"start":{"line":52,"column":6},"end":{"line":53,"column":null}},"16":{"start":{"line":53,"column":8},"end":{"line":53,"column":null}},"17":{"start":{"line":56,"column":6},"end":{"line":56,"column":null}},"18":{"start":{"line":59,"column":4},"end":{"line":59,"column":null}},"19":{"start":{"line":17,"column":23},"end":{"line":61,"column":2}}},"fnMap":{"0":{"name":"(anonymous_1)","decl":{"start":{"line":29,"column":10},"end":{"line":29,"column":16}},"loc":{"start":{"line":29,"column":16},"end":{"line":29,"column":28}}},"1":{"name":"(anonymous_2)","decl":{"start":{"line":43,"column":39},"end":{"line":43,"column":40}},"loc":{"start":{"line":43,"column":48},"end":{"line":43,"column":null}}},"2":{"name":"(anonymous_3)","decl":{"start":{"line":47,"column":37},"end":{"line":47,"column":38}},"loc":{"start":{"line":47,"column":47},"end":{"line":57,"column":null}}},"3":{"name":"(anonymous_4)","decl":{"start":{"line":17,"column":23},"end":{"line":17,"column":49}},"loc":{"start":{"line":27,"column":6},"end":{"line":61,"column":2}}}},"branchMap":{"0":{"loc":{"start":{"line":31,"column":4},"end":{"line":31,"column":null}},"type":"if","locations":[{"start":{"line":31,"column":4},"end":{"line":31,"column":null}},{"start":{"line":31,"column":4},"end":{"line":31,"column":null}}]},"1":{"loc":{"start":{"line":35,"column":4},"end":{"line":35,"column":null}},"type":"if","locations":[{"start":{"line":35,"column":4},"end":{"line":35,"column":null}},{"start":{"line":35,"column":4},"end":{"line":35,"column":null}}]},"2":{"loc":{"start":{"line":37,"column":33},"end":{"line":39,"column":null}},"type":"cond-expr","locations":[{"start":{"line":38,"column":8},"end":{"line":38,"column":null}},{"start":{"line":39,"column":8},"end":{"line":39,"column":null}}]},"3":{"loc":{"start":{"line":41,"column":4},"end":{"line":41,"column":null}},"type":"if","locations":[{"start":{"line":41,"column":4},"end":{"line":41,"column":null}},{"start":{"line":41,"column":4},"end":{"line":41,"column":null}}]},"4":{"loc":{"start":{"line":52,"column":6},"end":{"line":53,"column":null}},"type":"if","locations":[{"start":{"line":52,"column":6},"end":{"line":53,"column":null}},{"start":{"line":52,"column":6},"end":{"line":53,"column":null}}]}},"s":{"0":2,"1":2,"2":2,"3":0,"4":2,"5":2,"6":2,"7":0,"8":0,"9":0,"10":0,"11":0,"12":0,"13":0,"14":0,"15":0,"16":0,"17":0,"18":0,"19":1},"f":{"0":2,"1":0,"2":0,"3":6},"b":{"0":[0,2],"1":[2,0],"2":[0,0],"3":[0,0],"4":[0,0]}}
,"/Users/jaykariesch/projects/qwik-table/src/UseTable/use-table-creator.ts": {"path":"/Users/jaykariesch/projects/qwik-table/src/UseTable/use-table-creator.ts","statementMap":{"0":{"start":{"line":35,"column":4},"end":{"line":35,"column":null}},"1":{"start":{"line":35,"column":16},"end":{"line":35,"column":35}},"2":{"start":{"line":37,"column":4},"end":{"line":38,"column":null}},"3":{"start":{"line":38,"column":6},"end":{"line":38,"column":null}},"4":{"start":{"line":41,"column":23},"end":{"line":41,"column":null}},"5":{"start":{"line":43,"column":4},"end":{"line":43,"column":null}},"6":{"start":{"line":43,"column":21},"end":{"line":43,"column":null}},"7":{"start":{"line":45,"column":34},"end":{"line":45,"column":36}},"8":{"start":{"line":50,"column":4},"end":{"line":63,"column":null}},"9":{"start":{"line":50,"column":17},"end":{"line":50,"column":20}},"10":{"start":{"line":51,"column":6},"end":{"line":63,"column":null}},"11":{"start":{"line":51,"column":19},"end":{"line":51,"column":22}},"12":{"start":{"line":52,"column":23},"end":{"line":56,"column":null}},"13":{"start":{"line":59,"column":8},"end":{"line":60,"column":null}},"14":{"start":{"line":60,"column":10},"end":{"line":60,"column":null}},"15":{"start":{"line":62,"column":8},"end":{"line":62,"column":null}},"16":{"start":{"line":66,"column":20},"end":{"line":66,"column":null}},"17":{"start":{"line":68,"column":4},"end":{"line":68,"column":null}},"18":{"start":{"line":70,"column":4},"end":{"line":70,"column":null}},"19":{"start":{"line":14,"column":31},"end":{"line":72,"column":2}}},"fnMap":{"0":{"name":"(anonymous_1)","decl":{"start":{"line":35,"column":10},"end":{"line":35,"column":16}},"loc":{"start":{"line":35,"column":16},"end":{"line":35,"column":35}}},"1":{"name":"(anonymous_2)","decl":{"start":{"line":14,"column":31},"end":{"line":14,"column":57}},"loc":{"start":{"line":30,"column":6},"end":{"line":72,"column":2}}}},"branchMap":{"0":{"loc":{"start":{"line":37,"column":4},"end":{"line":38,"column":null}},"type":"if","locations":[{"start":{"line":37,"column":4},"end":{"line":38,"column":null}},{"start":{"line":37,"column":4},"end":{"line":38,"column":null}}]},"1":{"loc":{"start":{"line":37,"column":8},"end":{"line":37,"column":43}},"type":"binary-expr","locations":[{"start":{"line":37,"column":8},"end":{"line":37,"column":28}},{"start":{"line":37,"column":32},"end":{"line":37,"column":43}}]},"2":{"loc":{"start":{"line":43,"column":4},"end":{"line":43,"column":null}},"type":"if","locations":[{"start":{"line":43,"column":4},"end":{"line":43,"column":null}},{"start":{"line":43,"column":4},"end":{"line":43,"column":null}}]},"3":{"loc":{"start":{"line":59,"column":8},"end":{"line":60,"column":null}},"type":"if","locations":[{"start":{"line":59,"column":8},"end":{"line":60,"column":null}},{"start":{"line":59,"column":8},"end":{"line":60,"column":null}}]}},"s":{"0":2,"1":2,"2":2,"3":0,"4":2,"5":2,"6":0,"7":2,"8":2,"9":2,"10":6,"11":6,"12":24,"13":24,"14":6,"15":24,"16":2,"17":2,"18":2,"19":1},"f":{"0":2,"1":6},"b":{"0":[0,2],"1":[2,2],"2":[0,2],"3":[6,18]}}
,"/Users/jaykariesch/projects/qwik-table/src/UseTable/use-table.ts": {"path":"/Users/jaykariesch/projects/qwik-table/src/UseTable/use-table.ts","statementMap":{"0":{"start":{"line":77,"column":4},"end":{"line":77,"column":null}},"1":{"start":{"line":77,"column":16},"end":{"line":77,"column":26}},"2":{"start":{"line":79,"column":4},"end":{"line":79,"column":null}},"3":{"start":{"line":88,"column":20},"end":{"line":88,"column":null}},"4":{"start":{"line":90,"column":4},"end":{"line":90,"column":null}},"5":{"start":{"line":46,"column":24},"end":{"line":113,"column":2}},"6":{"start":{"line":55,"column":24},"end":{"line":55,"column":null}},"7":{"start":{"line":63,"column":17},"end":{"line":63,"column":null}},"8":{"start":{"line":69,"column":20},"end":{"line":69,"column":null}},"9":{"start":{"line":74,"column":23},"end":{"line":74,"column":null}},"10":{"start":{"line":96,"column":2},"end":{"line":104,"column":null}},"11":{"start":{"line":110,"column":2},"end":{"line":110,"column":null}},"12":{"start":{"line":112,"column":2},"end":{"line":112,"column":null}}},"fnMap":{"0":{"name":"(anonymous_1)","decl":{"start":{"line":77,"column":10},"end":{"line":77,"column":16}},"loc":{"start":{"line":77,"column":16},"end":{"line":77,"column":26}}},"1":{"name":"(anonymous_3)","decl":{"start":{"line":46,"column":24},"end":{"line":46,"column":50}},"loc":{"start":{"line":54,"column":27},"end":{"line":113,"column":2}}}},"branchMap":{"0":{"loc":{"start":{"line":48,"column":2},"end":{"line":48,"column":17}},"type":"default-arg","locations":[{"start":{"line":48,"column":13},"end":{"line":48,"column":17}}]}},"s":{"0":2,"1":2,"2":2,"3":2,"4":2,"5":1,"6":6,"7":6,"8":6,"9":6,"10":6,"11":6,"12":6},"f":{"0":2,"1":6},"b":{"0":[6]}}
,"/Users/jaykariesch/projects/qwik-table/src/UseTable/utils.ts": {"path":"/Users/jaykariesch/projects/qwik-table/src/UseTable/utils.ts","statementMap":{"0":{"start":{"line":18,"column":34},"end":{"line":26,"column":2}},"1":{"start":{"line":19,"column":2},"end":{"line":19,"column":null}},"2":{"start":{"line":19,"column":14},"end":{"line":19,"column":null}},"3":{"start":{"line":20,"column":2},"end":{"line":20,"column":null}},"4":{"start":{"line":20,"column":23},"end":{"line":20,"column":null}},"5":{"start":{"line":21,"column":2},"end":{"line":21,"column":null}},"6":{"start":{"line":21,"column":23},"end":{"line":21,"column":null}},"7":{"start":{"line":23,"column":2},"end":{"line":24,"column":null}},"8":{"start":{"line":37,"column":26},"end":{"line":53,"column":2}},"9":{"start":{"line":38,"column":2},"end":{"line":41,"column":null}},"10":{"start":{"line":39,"column":4},"end":{"line":41,"column":null}},"11":{"start":{"line":43,"column":2},"end":{"line":49,"column":3}},"12":{"start":{"line":44,"column":4},"end":{"line":47,"column":null}},"13":{"start":{"line":45,"column":6},"end":{"line":47,"column":null}},"14":{"start":{"line":50,"column":2},"end":{"line":52,"column":null}},"15":{"start":{"line":55,"column":34},"end":{"line":89,"column":2}},"16":{"start":{"line":56,"column":2},"end":{"line":57,"column":null}},"17":{"start":{"line":57,"column":4},"end":{"line":57,"column":null}},"18":{"start":{"line":57,"column":17},"end":{"line":57,"column":21}},"19":{"start":{"line":59,"column":2},"end":{"line":64,"column":3}},"20":{"start":{"line":60,"column":4},"end":{"line":61,"column":null}},"21":{"start":{"line":63,"column":4},"end":{"line":63,"column":null}},"22":{"start":{"line":63,"column":17},"end":{"line":63,"column":21}},"23":{"start":{"line":66,"column":18},"end":{"line":66,"column":null}},"24":{"start":{"line":68,"column":2},"end":{"line":68,"column":null}},"25":{"start":{"line":68,"column":35},"end":{"line":68,"column":null}},"26":{"start":{"line":68,"column":48},"end":{"line":68,"column":52}},"27":{"start":{"line":70,"column":18},"end":{"line":78,"column":null}},"28":{"start":{"line":71,"column":4},"end":{"line":77,"column":5}},"29":{"start":{"line":72,"column":26},"end":{"line":72,"column":75}},"30":{"start":{"line":74,"column":6},"end":{"line":75,"column":null}},"31":{"start":{"line":75,"column":8},"end":{"line":75,"column":null}},"32":{"start":{"line":80,"column":2},"end":{"line":81,"column":null}},"33":{"start":{"line":81,"column":4},"end":{"line":81,"column":null}},"34":{"start":{"line":84,"column":2},"end":{"line":88,"column":null}},"35":{"start":{"line":85,"column":4},"end":{"line":86,"column":null}},"36":{"start":{"line":86,"column":6},"end":{"line":86,"column":null}},"37":{"start":{"line":91,"column":29},"end":{"line":125,"column":2}},"38":{"start":{"line":95,"column":15},"end":{"line":95,"column":17}},"39":{"start":{"line":97,"column":2},"end":{"line":123,"column":null}},"40":{"start":{"line":98,"column":19},"end":{"line":98,"column":29}},"41":{"start":{"line":100,"column":4},"end":{"line":116,"column":5}},"42":{"start":{"line":101,"column":29},"end":{"line":103,"column":null}},"43":{"start":{"line":105,"column":19},"end":{"line":110,"column":null}},"44":{"start":{"line":106,"column":8},"end":{"line":110,"column":null}},"45":{"start":{"line":113,"column":6},"end":{"line":113,"column":null}},"46":{"start":{"line":115,"column":6},"end":{"line":115,"column":null}},"47":{"start":{"line":118,"column":4},"end":{"line":122,"column":5}},"48":{"start":{"line":119,"column":6},"end":{"line":119,"column":null}},"49":{"start":{"line":121,"column":6},"end":{"line":121,"column":null}},"50":{"start":{"line":124,"column":2},"end":{"line":124,"column":null}},"51":{"start":{"line":127,"column":37},"end":{"line":156,"column":2}},"52":{"start":{"line":131,"column":2},"end":{"line":131,"column":null}},"53":{"start":{"line":131,"column":15},"end":{"line":131,"column":null}},"54":{"start":{"line":133,"column":2},"end":{"line":135,"column":null}},"55":{"start":{"line":134,"column":4},"end":{"line":135,"column":null}},"56":{"start":{"line":139,"column":2},"end":{"line":145,"column":null}},"57":{"start":{"line":140,"column":4},"end":{"line":140,"column":null}},"58":{"start":{"line":141,"column":9},"end":{"line":145,"column":null}},"59":{"start":{"line":142,"column":4},"end":{"line":145,"column":null}},"60":{"start":{"line":149,"column":2},"end":{"line":150,"column":null}},"61":{"start":{"line":150,"column":4},"end":{"line":150,"column":null}},"62":{"start":{"line":153,"column":2},"end":{"line":154,"column":null}},"63":{"start":{"line":158,"column":28},"end":{"line":171,"column":2}},"64":{"start":{"line":162,"column":15},"end":{"line":162,"column":null}},"65":{"start":{"line":164,"column":16},"end":{"line":164,"column":null}},"66":{"start":{"line":166,"column":2},"end":{"line":167,"column":null}},"67":{"start":{"line":167,"column":4},"end":{"line":167,"column":null}},"68":{"start":{"line":167,"column":29},"end":{"line":167,"column":null}},"69":{"start":{"line":170,"column":2},"end":{"line":170,"column":null}},"70":{"start":{"line":173,"column":27},"end":{"line":174,"column":57}},"71":{"start":{"line":174,"column":2},"end":{"line":174,"column":57}},"72":{"start":{"line":176,"column":43},"end":{"line":193,"column":2}},"73":{"start":{"line":182,"column":16},"end":{"line":182,"column":null}},"74":{"start":{"line":184,"column":13},"end":{"line":184,"column":77}},"75":{"start":{"line":186,"column":15},"end":{"line":186,"column":null}},"76":{"start":{"line":188,"column":2},"end":{"line":192,"column":null}}},"fnMap":{"0":{"name":"(anonymous_0)","decl":{"start":{"line":18,"column":34},"end":{"line":18,"column":35}},"loc":{"start":{"line":18,"column":74},"end":{"line":26,"column":2}}},"1":{"name":"(anonymous_1)","decl":{"start":{"line":37,"column":26},"end":{"line":37,"column":27}},"loc":{"start":{"line":37,"column":75},"end":{"line":53,"column":2}}},"2":{"name":"(anonymous_2)","decl":{"start":{"line":55,"column":34},"end":{"line":55,"column":35}},"loc":{"start":{"line":55,"column":76},"end":{"line":89,"column":2}}},"3":{"name":"(anonymous_3)","decl":{"start":{"line":57,"column":11},"end":{"line":57,"column":17}},"loc":{"start":{"line":57,"column":17},"end":{"line":57,"column":21}}},"4":{"name":"(anonymous_4)","decl":{"start":{"line":63,"column":11},"end":{"line":63,"column":17}},"loc":{"start":{"line":63,"column":17},"end":{"line":63,"column":21}}},"5":{"name":"(anonymous_5)","decl":{"start":{"line":68,"column":42},"end":{"line":68,"column":48}},"loc":{"start":{"line":68,"column":48},"end":{"line":68,"column":52}}},"6":{"name":"(anonymous_6)","decl":{"start":{"line":70,"column":18},"end":{"line":70,"column":19}},"loc":{"start":{"line":70,"column":37},"end":{"line":78,"column":null}}},"7":{"name":"(anonymous_7)","decl":{"start":{"line":80,"column":18},"end":{"line":80,"column":19}},"loc":{"start":{"line":81,"column":4},"end":{"line":81,"column":null}}},"8":{"name":"(anonymous_8)","decl":{"start":{"line":84,"column":9},"end":{"line":84,"column":15}},"loc":{"start":{"line":84,"column":15},"end":{"line":88,"column":null}}},"9":{"name":"(anonymous_9)","decl":{"start":{"line":85,"column":20},"end":{"line":85,"column":21}},"loc":{"start":{"line":86,"column":6},"end":{"line":86,"column":null}}},"10":{"name":"(anonymous_10)","decl":{"start":{"line":91,"column":29},"end":{"line":91,"column":null}},"loc":{"start":{"line":94,"column":23},"end":{"line":125,"column":2}}},"11":{"name":"(anonymous_11)","decl":{"start":{"line":105,"column":31},"end":{"line":105,"column":null}},"loc":{"start":{"line":106,"column":8},"end":{"line":110,"column":null}}},"12":{"name":"(anonymous_12)","decl":{"start":{"line":127,"column":37},"end":{"line":127,"column":null}},"loc":{"start":{"line":130,"column":37},"end":{"line":156,"column":2}}},"13":{"name":"(anonymous_13)","decl":{"start":{"line":158,"column":28},"end":{"line":158,"column":null}},"loc":{"start":{"line":161,"column":5},"end":{"line":171,"column":2}}},"14":{"name":"(anonymous_14)","decl":{"start":{"line":167,"column":23},"end":{"line":167,"column":29}},"loc":{"start":{"line":167,"column":29},"end":{"line":167,"column":null}}},"15":{"name":"(anonymous_15)","decl":{"start":{"line":173,"column":27},"end":{"line":173,"column":28}},"loc":{"start":{"line":174,"column":2},"end":{"line":174,"column":57}}},"16":{"name":"(anonymous_16)","decl":{"start":{"line":176,"column":43},"end":{"line":176,"column":null}},"loc":{"start":{"line":181,"column":18},"end":{"line":193,"column":2}}}},"branchMap":{"0":{"loc":{"start":{"line":19,"column":2},"end":{"line":19,"column":null}},"type":"if","locations":[{"start":{"line":19,"column":2},"end":{"line":19,"column":null}},{"start":{"line":19,"column":2},"end":{"line":19,"column":null}}]},"1":{"loc":{"start":{"line":20,"column":2},"end":{"line":20,"column":null}},"type":"if","locations":[{"start":{"line":20,"column":2},"end":{"line":20,"column":null}},{"start":{"line":20,"column":2},"end":{"line":20,"column":null}}]},"2":{"loc":{"start":{"line":21,"column":2},"end":{"line":21,"column":null}},"type":"if","locations":[{"start":{"line":21,"column":2},"end":{"line":21,"column":null}},{"start":{"line":21,"column":2},"end":{"line":21,"column":null}}]},"3":{"loc":{"start":{"line":38,"column":2},"end":{"line":41,"column":null}},"type":"if","locations":[{"start":{"line":38,"column":2},"end":{"line":41,"column":null}},{"start":{"line":38,"column":2},"end":{"line":41,"column":null}}]},"4":{"loc":{"start":{"line":43,"column":2},"end":{"line":49,"column":3}},"type":"if","locations":[{"start":{"line":43,"column":2},"end":{"line":49,"column":3}},{"start":{"line":43,"column":2},"end":{"line":49,"column":3}}]},"5":{"loc":{"start":{"line":44,"column":4},"end":{"line":47,"column":null}},"type":"if","locations":[{"start":{"line":44,"column":4},"end":{"line":47,"column":null}},{"start":{"line":44,"column":4},"end":{"line":47,"column":null}}]},"6":{"loc":{"start":{"line":56,"column":2},"end":{"line":57,"column":null}},"type":"if","locations":[{"start":{"line":56,"column":2},"end":{"line":57,"column":null}},{"start":{"line":56,"column":2},"end":{"line":57,"column":null}}]},"7":{"loc":{"start":{"line":59,"column":2},"end":{"line":64,"column":3}},"type":"if","locations":[{"start":{"line":59,"column":2},"end":{"line":64,"column":3}},{"start":{"line":59,"column":2},"end":{"line":64,"column":3}}]},"8":{"loc":{"start":{"line":68,"column":2},"end":{"line":68,"column":null}},"type":"if","locations":[{"start":{"line":68,"column":2},"end":{"line":68,"column":null}},{"start":{"line":68,"column":2},"end":{"line":68,"column":null}}]},"9":{"loc":{"start":{"line":68,"column":6},"end":{"line":68,"column":33}},"type":"binary-expr","locations":[{"start":{"line":68,"column":6},"end":{"line":68,"column":18}},{"start":{"line":68,"column":18},"end":{"line":68,"column":33}}]},"10":{"loc":{"start":{"line":71,"column":4},"end":{"line":77,"column":5}},"type":"if","locations":[{"start":{"line":71,"column":4},"end":{"line":77,"column":5}},{"start":{"line":71,"column":4},"end":{"line":77,"column":5}}]},"11":{"loc":{"start":{"line":74,"column":6},"end":{"line":75,"column":null}},"type":"if","locations":[{"start":{"line":74,"column":6},"end":{"line":75,"column":null}},{"start":{"line":74,"column":6},"end":{"line":75,"column":null}}]},"12":{"loc":{"start":{"line":100,"column":4},"end":{"line":116,"column":5}},"type":"if","locations":[{"start":{"line":100,"column":4},"end":{"line":116,"column":5}},{"start":{"line":100,"column":4},"end":{"line":116,"column":5}}]},"13":{"loc":{"start":{"line":101,"column":29},"end":{"line":103,"column":null}},"type":"cond-expr","locations":[{"start":{"line":102,"column":10},"end":{"line":102,"column":null}},{"start":{"line":103,"column":10},"end":{"line":103,"column":null}}]},"14":{"loc":{"start":{"line":102,"column":25},"end":{"line":102,"column":null}},"type":"binary-expr","locations":[{"start":{"line":102,"column":25},"end":{"line":102,"column":37}},{"start":{"line":102,"column":37},"end":{"line":102,"column":null}}]},"15":{"loc":{"start":{"line":118,"column":4},"end":{"line":122,"column":5}},"type":"if","locations":[{"start":{"line":118,"column":4},"end":{"line":122,"column":5}},{"start":{"line":118,"column":4},"end":{"line":122,"column":5}}]},"16":{"loc":{"start":{"line":131,"column":2},"end":{"line":131,"column":null}},"type":"if","locations":[{"start":{"line":131,"column":2},"end":{"line":131,"column":null}},{"start":{"line":131,"column":2},"end":{"line":131,"column":null}}]},"17":{"loc":{"start":{"line":133,"column":2},"end":{"line":135,"column":null}},"type":"if","locations":[{"start":{"line":133,"column":2},"end":{"line":135,"column":null}},{"start":{"line":133,"column":2},"end":{"line":135,"column":null}}]},"18":{"loc":{"start":{"line":133,"column":6},"end":{"line":133,"column":null}},"type":"binary-expr","locations":[{"start":{"line":133,"column":6},"end":{"line":133,"column":16}},{"start":{"line":133,"column":16},"end":{"line":133,"column":null}}]},"19":{"loc":{"start":{"line":139,"column":2},"end":{"line":145,"column":null}},"type":"if","locations":[{"start":{"line":139,"column":2},"end":{"line":145,"column":null}},{"start":{"line":141,"column":9},"end":{"line":145,"column":null}}]},"20":{"loc":{"start":{"line":139,"column":6},"end":{"line":139,"column":null}},"type":"binary-expr","locations":[{"start":{"line":139,"column":6},"end":{"line":139,"column":24}},{"start":{"line":139,"column":28},"end":{"line":139,"column":null}}]},"21":{"loc":{"start":{"line":141,"column":9},"end":{"line":145,"column":null}},"type":"if","locations":[{"start":{"line":141,"column":9},"end":{"line":145,"column":null}},{"start":{"line":141,"column":9},"end":{"line":145,"column":null}}]},"22":{"loc":{"start":{"line":141,"column":13},"end":{"line":141,"column":null}},"type":"binary-expr","locations":[{"start":{"line":141,"column":13},"end":{"line":141,"column":31}},{"start":{"line":141,"column":35},"end":{"line":141,"column":null}}]},"23":{"loc":{"start":{"line":149,"column":2},"end":{"line":150,"column":null}},"type":"if","locations":[{"start":{"line":149,"column":2},"end":{"line":150,"column":null}},{"start":{"line":149,"column":2},"end":{"line":150,"column":null}}]},"24":{"loc":{"start":{"line":166,"column":2},"end":{"line":167,"column":null}},"type":"if","locations":[{"start":{"line":166,"column":2},"end":{"line":167,"column":null}},{"start":{"line":166,"column":2},"end":{"line":167,"column":null}}]},"25":{"loc":{"start":{"line":174,"column":2},"end":{"line":174,"column":57}},"type":"cond-expr","locations":[{"start":{"line":174,"column":8},"end":{"line":174,"column":48}},{"start":{"line":174,"column":48},"end":{"line":174,"column":57}}]},"26":{"loc":{"start":{"line":184,"column":13},"end":{"line":184,"column":77}},"type":"binary-expr","locations":[{"start":{"line":184,"column":13},"end":{"line":184,"column":19}},{"start":{"line":184,"column":23},"end":{"line":184,"column":77}}]},"27":{"loc":{"start":{"line":184,"column":38},"end":{"line":184,"column":76}},"type":"binary-expr","locations":[{"start":{"line":184,"column":38},"end":{"line":184,"column":67}},{"start":{"line":184,"column":67},"end":{"line":184,"column":76}}]},"28":{"loc":{"start":{"line":189,"column":11},"end":{"line":189,"column":null}},"type":"binary-expr","locations":[{"start":{"line":189,"column":11},"end":{"line":189,"column":20}},{"start":{"line":189,"column":20},"end":{"line":189,"column":null}}]},"29":{"loc":{"start":{"line":191,"column":10},"end":{"line":191,"column":null}},"type":"binary-expr","locations":[{"start":{"line":191,"column":10},"end":{"line":191,"column":18}},{"start":{"line":191,"column":18},"end":{"line":191,"column":null}}]}},"s":{"0":2,"1":8,"2":3,"3":5,"4":2,"5":3,"6":1,"7":2,"8":2,"9":4,"10":1,"11":3,"12":2,"13":1,"14":2,"15":2,"16":2,"17":2,"18":0,"19":0,"20":0,"21":0,"22":0,"23":0,"24":0,"25":0,"26":0,"27":0,"28":0,"29":0,"30":0,"31":0,"32":0,"33":0,"34":0,"35":0,"36":0,"37":2,"38":4,"39":4,"40":12,"41":12,"42":2,"43":2,"44":1,"45":2,"46":2,"47":10,"48":10,"49":10,"50":4,"51":2,"52":61,"53":0,"54":61,"55":0,"56":61,"57":58,"58":3,"59":1,"60":2,"61":1,"62":1,"63":2,"64":30,"65":30,"66":30,"67":5,"68":1,"69":25,"70":2,"71":2,"72":2,"73":27,"74":27,"75":27,"76":27},"f":{"0":8,"1":4,"2":2,"3":0,"4":0,"5":0,"6":0,"7":0,"8":0,"9":0,"10":4,"11":1,"12":61,"13":30,"14":1,"15":2,"16":27},"b":{"0":[3,5],"1":[2,3],"2":[1,2],"3":[1,3],"4":[2,1],"5":[1,1],"6":[2,0],"7":[0,0],"8":[0,0],"9":[0,0],"10":[0,0],"11":[0,0],"12":[2,10],"13":[2,0],"14":[2,0],"15":[10,0],"16":[0,61],"17":[0,61],"18":[61,61],"19":[58,3],"20":[61,59],"21":[1,2],"22":[3,1],"23":[1,1],"24":[5,25],"25":[1,1],"26":[27,2],"27":[2,1],"28":[27,0],"29":[27,0]}}
,"/Users/jaykariesch/projects/qwik-table/src/examples/data.ts": {"path":"/Users/jaykariesch/projects/qwik-table/src/examples/data.ts","statementMap":{"0":{"start":{"line":1,"column":20},"end":{"line":32,"column":2}}},"fnMap":{},"branchMap":{},"s":{"0":1},"f":{},"b":{}}
,"/Users/jaykariesch/projects/qwik-table/src/examples/simple-table.tsx": {"path":"/Users/jaykariesch/projects/qwik-table/src/examples/simple-table.tsx","statementMap":{"0":{"start":{"line":8,"column":4},"end":{"line":29,"column":null}},"1":{"start":{"line":8,"column":44},"end":{"line":29,"column":null}},"2":{"start":{"line":7,"column":13},"end":{"line":30,"column":null}},"3":{"start":{"line":32,"column":26},"end":{"line":65,"column":3}},"4":{"start":{"line":35,"column":15},"end":{"line":35,"column":null}},"5":{"start":{"line":37,"column":16},"end":{"line":37,"column":null}},"6":{"start":{"line":53,"column":16},"end":{"line":51,"column":25}}},"fnMap":{"0":{"name":"(anonymous_0)","decl":{"start":{"line":8,"column":4},"end":{"line":8,"column":44}},"loc":{"start":{"line":8,"column":44},"end":{"line":29,"column":null}}},"1":{"name":"(anonymous_1)","decl":{"start":{"line":32,"column":26},"end":{"line":32,"column":32}},"loc":{"start":{"line":32,"column":32},"end":{"line":65,"column":3}}},"2":{"name":"(anonymous_4)","decl":{"start":{"line":52,"column":23},"end":{"line":52,"column":24}},"loc":{"start":{"line":53,"column":16},"end":{"line":51,"column":25}}}},"branchMap":{},"s":{"0":1,"1":4,"2":1,"3":1,"4":6,"5":6,"6":48},"f":{"0":4,"1":6,"2":48},"b":{}}
,"/Users/jaykariesch/projects/qwik-table/src/examples/sortable-columns.tsx": {"path":"/Users/jaykariesch/projects/qwik-table/src/examples/sortable-columns.tsx","statementMap":{"0":{"start":{"line":15,"column":26},"end":{"line":46,"column":3}},"1":{"start":{"line":18,"column":15},"end":{"line":18,"column":null}},"2":{"start":{"line":20,"column":16},"end":{"line":20,"column":null}},"3":{"start":{"line":36,"column":16},"end":{"line":34,"column":25}},"4":{"start":{"line":73,"column":25},"end":{"line":74,"column":null}},"5":{"start":{"line":74,"column":2},"end":{"line":74,"column":null}},"6":{"start":{"line":77,"column":2},"end":{"line":119,"column":null}},"7":{"start":{"line":77,"column":42},"end":{"line":119,"column":null}},"8":{"start":{"line":81,"column":25},"end":{"line":81,"column":null}},"9":{"start":{"line":86,"column":25},"end":{"line":86,"column":null}},"10":{"start":{"line":91,"column":25},"end":{"line":91,"column":null}},"11":{"start":{"line":96,"column":25},"end":{"line":96,"column":null}},"12":{"start":{"line":105,"column":8},"end":{"line":105,"column":null}},"13":{"start":{"line":76,"column":13},"end":{"line":120,"column":null}}},"fnMap":{"0":{"name":"(anonymous_0)","decl":{"start":{"line":15,"column":26},"end":{"line":15,"column":32}},"loc":{"start":{"line":15,"column":32},"end":{"line":46,"column":3}}},"1":{"name":"(anonymous_3)","decl":{"start":{"line":35,"column":23},"end":{"line":35,"column":24}},"loc":{"start":{"line":36,"column":16},"end":{"line":34,"column":25}}},"2":{"name":"(anonymous_5)","decl":{"start":{"line":73,"column":25},"end":{"line":73,"column":26}},"loc":{"start":{"line":74,"column":2},"end":{"line":74,"column":null}}},"3":{"name":"(anonymous_6)","decl":{"start":{"line":77,"column":2},"end":{"line":77,"column":42}},"loc":{"start":{"line":77,"column":42},"end":{"line":119,"column":null}}},"4":{"name":"(anonymous_7)","decl":{"start":{"line":81,"column":14},"end":{"line":81,"column":15}},"loc":{"start":{"line":81,"column":25},"end":{"line":81,"column":null}}},"5":{"name":"(anonymous_8)","decl":{"start":{"line":86,"column":14},"end":{"line":86,"column":15}},"loc":{"start":{"line":86,"column":25},"end":{"line":86,"column":null}}},"6":{"name":"(anonymous_9)","decl":{"start":{"line":91,"column":14},"end":{"line":91,"column":15}},"loc":{"start":{"line":91,"column":25},"end":{"line":91,"column":null}}},"7":{"name":"(anonymous_10)","decl":{"start":{"line":96,"column":14},"end":{"line":96,"column":15}},"loc":{"start":{"line":96,"column":25},"end":{"line":96,"column":null}}},"8":{"name":"(anonymous_11)","decl":{"start":{"line":101,"column":12},"end":{"line":101,"column":13}},"loc":{"start":{"line":101,"column":22},"end":{"line":106,"column":null}}}},"branchMap":{"0":{"loc":{"start":{"line":66,"column":25},"end":{"line":66,"column":null}},"type":"binary-expr","locations":[{"start":{"line":66,"column":25},"end":{"line":66,"column":39}},{"start":{"line":66,"column":39},"end":{"line":66,"column":null}}]},"1":{"loc":{"start":{"line":67,"column":23},"end":{"line":67,"column":null}},"type":"binary-expr","locations":[{"start":{"line":67,"column":23},"end":{"line":67,"column":37}},{"start":{"line":67,"column":37},"end":{"line":67,"column":null}}]},"2":{"loc":{"start":{"line":74,"column":2},"end":{"line":74,"column":null}},"type":"binary-expr","locations":[{"start":{"line":74,"column":2},"end":{"line":74,"column":21}},{"start":{"line":74,"column":21},"end":{"line":74,"column":41}},{"start":{"line":74,"column":41},"end":{"line":74,"column":null}}]}},"s":{"0":0,"1":0,"2":0,"3":0,"4":0,"5":0,"6":0,"7":0,"8":0,"9":0,"10":0,"11":0,"12":0,"13":0},"f":{"0":0,"1":0,"2":0,"3":0,"4":0,"5":0,"6":0,"7":0,"8":0},"b":{"0":[0,0],"1":[0,0],"2":[0,0,0]}}
}
